<?xml version="1.0" encoding="UTF-8"?>
<!-- Generated by org.testng.reporters.JUnitXMLReporter -->
<testsuite ignored="0" hostname="dbdbaafaeeffaccacaeefddadedebfeeccfcae-0" failures="0" tests="3" name="Surefire test" time="50.024" errors="0" timestamp="2023-08-18T09:24:23 UTC">
  <testcase classname="testcases.Testcase1" name="TestTodaysDeal" time="10.711"/>
  <testcase classname="testcases.Testcase1" name="TestProductClick" time="10.247"/>
  <testcase classname="testcases.Testcase1" name="AddCartTest" time="20.021"/>
</testsuite> <!-- Surefire test -->
