<?xml version="1.0" encoding="UTF-8"?>
<!-- Generated by org.testng.reporters.JUnitXMLReporter -->
<testsuite ignored="0" hostname="dbdbaafaeeffaccacaeefddadedebfeeccfcae-0" failures="1" tests="4" name="Surefire test" time="42.668" errors="0" timestamp="2023-08-18T12:42:32 UTC">
  <testcase classname="testcases.Testcase1" name="addLowCostGiftCard" time="6.3"/>
  <testcase classname="testcases.Testcase1" name="TestCheckButton" time="7.013"/>
  <testcase classname="testcases.Testcase1" name="TestCheckout" time="14.326"/>
  <testcase classname="testcases.Testcase1" name="Booksearch" time="1.985">
    <failure type="java.lang.Error" message="Unresolved compilation problems: 
	Syntax error, insert &amp;quot;VariableDeclarators&amp;quot; to complete LocalVariableDeclaration
	Syntax error, insert &amp;quot;;&amp;quot; to complete LocalVariableDeclarationStatement
	x cannot be resolved
">
      <![CDATA[java.lang.Error: Unresolved compilation problems: 
Syntax error, insert "VariableDeclarators" to complete LocalVariableDeclaration
Syntax error, insert ";" to complete LocalVariableDeclarationStatement
x cannot be resolved

at utils.Screenshot.captureScreenshot(Screenshot.java:72)
at testcases.Testcase1.Booksearch(Testcase1.java:255)
at java.base/java.util.ArrayList.forEach(ArrayList.java:1541)
... Removed 32 stack frames]]>
    </failure>
  </testcase> <!-- Booksearch -->
</testsuite> <!-- Surefire test -->
