-------------------------------------------------------------------------------
Test set: testcases.Testcase1
-------------------------------------------------------------------------------
Tests run: 3, Failures: 3, Errors: 0, Skipped: 0, Time elapsed: 18.406 s <<< FAILURE! - in testcases.Testcase1
TestTodaysDeal(testcases.Testcase1)  Time elapsed: 0.021 s  <<< FAILURE!
java.lang.Error: 
Unresolved compilation problem: 
	The method captureScreenshot(WebDriver, String, String) in the type Screenshot is not applicable for the arguments (WebDriver, String)

	at testcases.Testcase1.TestTodaysDeal(Testcase1.java:62)

TestProductClick(testcases.Testcase1)  Time elapsed: 0.001 s  <<< FAILURE!
java.lang.Error: 
Unresolved compilation problems: 
	x cannot be resolved to a type
	Syntax error on token ".", ; expected
	The method findElement(By) is undefined for the type Testcase1
	The method captureScreenshot(WebDriver, String, String) in the type Screenshot is not applicable for the arguments (WebDriver, String)

	at testcases.Testcase1.TestProductClick(Testcase1.java:76)

AddCartTest(testcases.Testcase1)  Time elapsed: 0.002 s  <<< FAILURE!
java.lang.Error: 
Unresolved compilation problems: 
	The method captureScreenshot(WebDriver, String, String) in the type Screenshot is not applicable for the arguments (WebDriver, String)
	The method captureScreenshot(WebDriver, String, String) in the type Screenshot is not applicable for the arguments (WebDriver, String)

	at testcases.Testcase1.AddCartTest(Testcase1.java:126)

