<?xml version="1.0" encoding="UTF-8"?>
<testng-results ignored="0" total="4" passed="4" failed="0" skipped="0">
  <reporter-output>
  </reporter-output>
  <suite started-at="2023-08-18T13:14:55 UTC" name="Surefire suite" finished-at="2023-08-18T13:15:29 UTC" duration-ms="34710">
    <groups>
    </groups>
    <test started-at="2023-08-18T13:14:55 UTC" name="Surefire test" finished-at="2023-08-18T13:15:29 UTC" duration-ms="34710">
      <class name="testcases.Testcase1">
        <test-method is-config="true" signature="beforeMethod()[pri:0, instance:testcases.Testcase1@1ed4ae0f]" started-at="2023-08-18T13:14:56 UTC" name="beforeMethod" finished-at="2023-08-18T13:15:00 UTC" duration-ms="3848" status="PASS">
          <reporter-output>
          </reporter-output>
        </test-method> <!-- beforeMethod -->
        <test-method signature="addLowCostGiftCard(java.lang.String,java.lang.String,java.lang.String,java.lang.String,java.lang.String,java.lang.String,java.lang.String,java.lang.String,java.lang.String)[pri:1, instance:testcases.Testcase1@1ed4ae0f]" started-at="2023-08-18T13:15:00 UTC" name="addLowCostGiftCard" data-provider="testData" finished-at="2023-08-18T13:15:04 UTC" duration-ms="4438" status="PASS">
          <params>
            <param index="0">
              <value>
                <![CDATA[Alice]]>
              </value>
            </param>
            <param index="1">
              <value>
                <![CDATA[demo@gmail.com]]>
              </value>
            </param>
            <param index="2">
              <value>
                <![CDATA[BOB]]>
              </value>
            </param>
            <param index="3">
              <value>
                <![CDATA[demo1@gmail.com]]>
              </value>
            </param>
            <param index="4">
              <value>
                <![CDATA[Ny city]]>
              </value>
            </param>
            <param index="5">
              <value>
                <![CDATA[NY city]]>
              </value>
            </param>
            <param index="6">
              <value>
                <![CDATA[123456]]>
              </value>
            </param>
            <param index="7">
              <value>
                <![CDATA[2242423]]>
              </value>
            </param>
            <param index="8">
              <value>
                <![CDATA[book]]>
              </value>
            </param>
          </params>
          <reporter-output>
          </reporter-output>
        </test-method> <!-- addLowCostGiftCard -->
        <test-method is-config="true" signature="afterMethod()[pri:0, instance:testcases.Testcase1@1ed4ae0f]" started-at="2023-08-18T13:15:04 UTC" name="afterMethod" finished-at="2023-08-18T13:15:05 UTC" duration-ms="543" status="PASS">
          <reporter-output>
          </reporter-output>
        </test-method> <!-- afterMethod -->
        <test-method is-config="true" signature="beforeMethod()[pri:0, instance:testcases.Testcase1@1ed4ae0f]" started-at="2023-08-18T13:15:05 UTC" name="beforeMethod" finished-at="2023-08-18T13:15:07 UTC" duration-ms="2377" status="PASS">
          <reporter-output>
          </reporter-output>
        </test-method> <!-- beforeMethod -->
        <test-method signature="TestCheckButton(java.lang.String,java.lang.String,java.lang.String,java.lang.String,java.lang.String,java.lang.String,java.lang.String,java.lang.String,java.lang.String)[pri:2, instance:testcases.Testcase1@1ed4ae0f]" started-at="2023-08-18T13:15:07 UTC" name="TestCheckButton" data-provider="testData" finished-at="2023-08-18T13:15:12 UTC" duration-ms="4990" status="PASS">
          <params>
            <param index="0">
              <value>
                <![CDATA[Alice]]>
              </value>
            </param>
            <param index="1">
              <value>
                <![CDATA[demo@gmail.com]]>
              </value>
            </param>
            <param index="2">
              <value>
                <![CDATA[BOB]]>
              </value>
            </param>
            <param index="3">
              <value>
                <![CDATA[demo1@gmail.com]]>
              </value>
            </param>
            <param index="4">
              <value>
                <![CDATA[Ny city]]>
              </value>
            </param>
            <param index="5">
              <value>
                <![CDATA[NY city]]>
              </value>
            </param>
            <param index="6">
              <value>
                <![CDATA[123456]]>
              </value>
            </param>
            <param index="7">
              <value>
                <![CDATA[2242423]]>
              </value>
            </param>
            <param index="8">
              <value>
                <![CDATA[book]]>
              </value>
            </param>
          </params>
          <reporter-output>
          </reporter-output>
        </test-method> <!-- TestCheckButton -->
        <test-method is-config="true" signature="afterMethod()[pri:0, instance:testcases.Testcase1@1ed4ae0f]" started-at="2023-08-18T13:15:12 UTC" name="afterMethod" finished-at="2023-08-18T13:15:12 UTC" duration-ms="170" status="PASS">
          <reporter-output>
          </reporter-output>
        </test-method> <!-- afterMethod -->
        <test-method is-config="true" signature="beforeMethod()[pri:0, instance:testcases.Testcase1@1ed4ae0f]" started-at="2023-08-18T13:15:12 UTC" name="beforeMethod" finished-at="2023-08-18T13:15:15 UTC" duration-ms="2367" status="PASS">
          <reporter-output>
          </reporter-output>
        </test-method> <!-- beforeMethod -->
        <test-method signature="TestCheckout(java.lang.String,java.lang.String,java.lang.String,java.lang.String,java.lang.String,java.lang.String,java.lang.String,java.lang.String,java.lang.String)[pri:3, instance:testcases.Testcase1@1ed4ae0f]" started-at="2023-08-18T13:15:15 UTC" name="TestCheckout" data-provider="testData" finished-at="2023-08-18T13:15:25 UTC" duration-ms="10155" status="PASS">
          <params>
            <param index="0">
              <value>
                <![CDATA[Alice]]>
              </value>
            </param>
            <param index="1">
              <value>
                <![CDATA[demo@gmail.com]]>
              </value>
            </param>
            <param index="2">
              <value>
                <![CDATA[BOB]]>
              </value>
            </param>
            <param index="3">
              <value>
                <![CDATA[demo1@gmail.com]]>
              </value>
            </param>
            <param index="4">
              <value>
                <![CDATA[Ny city]]>
              </value>
            </param>
            <param index="5">
              <value>
                <![CDATA[NY city]]>
              </value>
            </param>
            <param index="6">
              <value>
                <![CDATA[123456]]>
              </value>
            </param>
            <param index="7">
              <value>
                <![CDATA[2242423]]>
              </value>
            </param>
            <param index="8">
              <value>
                <![CDATA[book]]>
              </value>
            </param>
          </params>
          <reporter-output>
          </reporter-output>
        </test-method> <!-- TestCheckout -->
        <test-method is-config="true" signature="afterMethod()[pri:0, instance:testcases.Testcase1@1ed4ae0f]" started-at="2023-08-18T13:15:25 UTC" name="afterMethod" finished-at="2023-08-18T13:15:25 UTC" duration-ms="201" status="PASS">
          <reporter-output>
          </reporter-output>
        </test-method> <!-- afterMethod -->
        <test-method is-config="true" signature="beforeMethod()[pri:0, instance:testcases.Testcase1@1ed4ae0f]" started-at="2023-08-18T13:15:25 UTC" name="beforeMethod" finished-at="2023-08-18T13:15:27 UTC" duration-ms="2516" status="PASS">
          <reporter-output>
          </reporter-output>
        </test-method> <!-- beforeMethod -->
        <test-method signature="Booksearch(java.lang.String,java.lang.String,java.lang.String,java.lang.String,java.lang.String,java.lang.String,java.lang.String,java.lang.String,java.lang.String)[pri:4, instance:testcases.Testcase1@1ed4ae0f]" started-at="2023-08-18T13:15:27 UTC" name="Booksearch" data-provider="testData" finished-at="2023-08-18T13:15:29 UTC" duration-ms="1921" status="PASS">
          <params>
            <param index="0">
              <value>
                <![CDATA[Alice]]>
              </value>
            </param>
            <param index="1">
              <value>
                <![CDATA[demo@gmail.com]]>
              </value>
            </param>
            <param index="2">
              <value>
                <![CDATA[BOB]]>
              </value>
            </param>
            <param index="3">
              <value>
                <![CDATA[demo1@gmail.com]]>
              </value>
            </param>
            <param index="4">
              <value>
                <![CDATA[Ny city]]>
              </value>
            </param>
            <param index="5">
              <value>
                <![CDATA[NY city]]>
              </value>
            </param>
            <param index="6">
              <value>
                <![CDATA[123456]]>
              </value>
            </param>
            <param index="7">
              <value>
                <![CDATA[2242423]]>
              </value>
            </param>
            <param index="8">
              <value>
                <![CDATA[book]]>
              </value>
            </param>
          </params>
          <reporter-output>
          </reporter-output>
        </test-method> <!-- Booksearch -->
        <test-method is-config="true" signature="afterMethod()[pri:0, instance:testcases.Testcase1@1ed4ae0f]" started-at="2023-08-18T13:15:29 UTC" name="afterMethod" finished-at="2023-08-18T13:15:29 UTC" duration-ms="136" status="PASS">
          <reporter-output>
          </reporter-output>
        </test-method> <!-- afterMethod -->
      </class> <!-- testcases.Testcase1 -->
    </test> <!-- Surefire test -->
  </suite> <!-- Surefire suite -->
</testng-results>
